SF:lib/questionnaire.dart
DA:5,4
DA:9,2
DA:10,2
DA:19,2
DA:21,2
DA:22,2
DA:23,2
DA:24,8
DA:25,2
DA:26,0
DA:27,3
DA:31,1
DA:32,2
DA:33,1
DA:35,4
DA:36,1
DA:39,2
DA:40,2
DA:41,2
DA:42,3
DA:44,1
DA:46,1
DA:52,2
DA:58,2
DA:65,2
DA:67,2
DA:68,2
DA:69,10
DA:70,2
DA:71,2
DA:72,0
DA:74,2
DA:76,2
DA:77,6
DA:78,6
DA:87,2
DA:90,1
DA:92,1
DA:93,2
DA:94,3
LF:40
LH:38
end_of_record
SF:lib/game/guess_game.dart
DA:13,10
DA:15,1
DA:19,4
DA:20,1
DA:21,4
DA:22,2
DA:26,1
DA:27,4
LF:8
LH:8
end_of_record
SF:lib/app.dart
DA:7,1
DA:8,0
DA:10,1
DA:14,1
DA:16,1
DA:18,1
DA:19,2
DA:20,1
DA:22,2
LF:9
LH:8
end_of_record
SF:lib/game/game_status.dart
DA:1,9
LF:1
LH:1
end_of_record
SF:lib/game/score.dart
DA:4,3
DA:9,1
DA:10,4
DA:13,1
DA:16,1
DA:17,7
DA:19,0
DA:20,0
LF:8
LH:6
end_of_record
